<?xml version="1.0" encoding="UTF-8"?>
<testng-results ignored="0" total="1" passed="1" failed="0" skipped="0">
  <reporter-output>
  </reporter-output>
  <suite started-at="2022-09-19T17:07:30 IST" name="Default suite" finished-at="2022-09-19T17:07:52 IST" duration-ms="21420">
    <groups>
    </groups>
    <test started-at="2022-09-19T17:07:30 IST" name="Default test" finished-at="2022-09-19T17:07:52 IST" duration-ms="21420">
      <class name="project.Sign_Up">
        <test-method signature="signup()[pri:0, instance:project.Sign_Up@73700b80]" started-at="2022-09-19T17:07:30 IST" name="signup" finished-at="2022-09-19T17:07:52 IST" duration-ms="21350" status="PASS">
          <reporter-output>
          </reporter-output>
        </test-method> <!-- signup -->
      </class> <!-- project.Sign_Up -->
    </test> <!-- Default test -->
  </suite> <!-- Default suite -->
</testng-results>
